00:00:00.000234 main     VirtualBox XPCOM Server 6.1.14 r140239 linux.amd64 (Sep  7 2020 21:01:30) release log
00:00:00.000236 main     Log opened 2020-09-20T02:43:21.037388000Z
00:00:00.000236 main     Build Type: release
00:00:00.000238 main     OS Product: Linux
00:00:00.000238 main     OS Release: 5.8.8-arch1-1
00:00:00.000239 main     OS Version: #1 SMP PREEMPT Wed, 09 Sep 2020 18:59:45 +0000
00:00:00.000258 main     DMI Product Name: WRT-WX9
00:00:00.000265 main     DMI Product Version: M1010
00:00:00.000268 main     Firmware type: UEFI
00:00:00.001164 main     Secure Boot: Disabled
00:00:00.001211 main     Host RAM: 7702MB (7.5GB) total, 6945MB (6.7GB) available
00:00:00.001214 main     Executable: /usr/lib/virtualbox/VBoxSVC
00:00:00.001215 main     Process ID: 4873
00:00:00.001215 main     Package type: LINUX_64BITS_GENERIC (OSE)
00:00:00.002753 main     IPC socket path: /tmp/.vbox-glenn-ipc/ipcd
00:00:00.108701 nspr-2   VirtualBox: object creation starts
00:00:00.108879 nspr-2   Home directory: '/home/glenn/.config/VirtualBox'
00:00:00.109221 nspr-2   Loading settings file "/home/glenn/.config/VirtualBox/VirtualBox.xml" with version "1.12-linux"
00:00:00.124628 nspr-2   NetIfAdpCtlOut: VBoxNetAdpCtl: Error while retrieving link speed for wlp0s20f3: VBoxNetAdpCtl: ioctl failed: Operation not supported
00:00:00.125826 nspr-2   HostDnsMonitor: initializing
00:00:00.126482 nspr-2   NAT: resolv.conf: nameserver 212.10.10.4
00:00:00.126512 nspr-2   NAT: resolv.conf: nameserver 212.10.10.5
00:00:00.126536 nspr-2   HostDnsMonitor: updating information
00:00:00.126574 nspr-2   HostDnsMonitor: old information
00:00:00.126581 nspr-2     no server entries
00:00:00.126588 nspr-2     no domain set
00:00:00.126594 nspr-2     no search string entries
00:00:00.126601 nspr-2   HostDnsMonitor: new information
00:00:00.126606 nspr-2     server 1: 212.10.10.4
00:00:00.126614 nspr-2     server 2: 212.10.10.5
00:00:00.126620 nspr-2     no domain set
00:00:00.126625 nspr-2     no search string entries
00:00:00.138367 nspr-2   VD: VDInit finished with VINF_SUCCESS
00:00:00.138602 nspr-2   ERROR [COM]: aRC=NS_ERROR_FAILURE (0x80004005) aIID={027bc463-929c-40e8-bf16-fea557cd8e7e} aComponent={SystemPropertiesWrap} aText={Cannot determine default Guest Additions ISO location. Most likely they are not available}, preserve=false aResultDetail=0
00:00:00.150141 nspr-2   Loading settings file "/home/glenn/VirtualBox VMs/MacOS Big Sur/MacOS Big Sur.vbox" with version "1.15-linux"
00:00:00.153767 nspr-2   OCI: Local config file '/home/glenn/.config/VirtualBox/oci_config' does not exist
00:00:00.153813 nspr-2   OCI: Original config file '/home/glenn/.oci/config' does not exist
00:00:00.153822 nspr-2   OCI: Reading profiles finished with status NS_OK
00:00:00.153835 nspr-2   ExtPack: Created cloud provider 'OCI' (hrc=NS_OK)
00:00:00.153872 nspr-2   VirtualBox: object created
00:00:00.851083 nspr-2   WARNING [COM]: aRC=NS_ERROR_FAILURE (0x80004005) aIID={16ced992-5fdc-4aba-aff5-6a39bbd7c38b} aComponent={HostWrap} aText={VirtualBox is not currently allowed to access USB devices.  You can change this by adding your user to the 'vboxusers' group.  Please see the user manual for a more detailed explanation}, preserve=true  aResultDetail=0
00:00:01.051000 nspr-2   WARNING [COM]: aRC=NS_ERROR_FAILURE (0x80004005) aIID={16ced992-5fdc-4aba-aff5-6a39bbd7c38b} aComponent={HostWrap} aText={VirtualBox is not currently allowed to access USB devices.  You can change this by adding your user to the 'vboxusers' group.  Please see the user manual for a more detailed explanation}, preserve=true  aResultDetail=0
00:00:01.051854 nspr-2   WARNING [COM]: aRC=NS_ERROR_FAILURE (0x80004005) aIID={16ced992-5fdc-4aba-aff5-6a39bbd7c38b} aComponent={HostWrap} aText={VirtualBox is not currently allowed to access USB devices.  You can change this by adding your user to the 'vboxusers' group.  Please see the user manual for a more detailed explanation}, preserve=true  aResultDetail=0
00:31:48.168134 nspr-3   Saving settings file "/home/glenn/.config/VirtualBox/VirtualBox.xml" with version "1.12-linux"
00:31:48.173188 nspr-2   Saving settings file "/home/glenn/.config/VirtualBox/VirtualBox.xml" with version "1.12-linux"
00:31:53.696377 main     VirtualBox: object deletion starts
00:31:53.696469 main     ERROR [COM]: aRC=VBOX_E_OBJECT_IN_USE (0x80bb000c) aIID={ad47ad09-787b-44ab-b343-a082a3f2dfb1} aComponent={MediumWrap} aText={Medium '/home/glenn/VirtualBox VMs/MacOS Big Sur/MacOS Big Sur.vhd' cannot be closed because it is still attached to 1 virtual machines}, preserve=false aResultDetail=0
00:31:53.697477 main     HostDnsMonitor: shutting down ...
00:31:53.705626 main     HostDnsMonitor: shut down
00:31:53.855045 Watcher  ERROR [COM]: aRC=E_ACCESSDENIED (0x80070005) aIID={d0a0163f-e254-4e5b-a1f2-011cf991c38d} aComponent={VirtualBoxWrap} aText={The object is not ready}, preserve=false aResultDetail=0
00:31:55.510173 main     VirtualBox: object deleted
